<?xml version="1.0" encoding="UTF-8"?>
<testng-results ignored="0" total="1" passed="1" failed="0" skipped="0">
  <reporter-output>
  </reporter-output>
  <suite started-at="2023-10-22T16:34:01 IST" name="Default suite" finished-at="2023-10-22T16:34:06 IST" duration-ms="5480">
    <groups>
    </groups>
    <test started-at="2023-10-22T16:34:01 IST" name="Default test" finished-at="2023-10-22T16:34:06 IST" duration-ms="5480">
      <class name="NewTest">
        <test-method signature="f()[pri:0, instance:NewTest@74751b3]" started-at="2023-10-22T16:34:01 IST" name="f" finished-at="2023-10-22T16:34:06 IST" duration-ms="5419" status="PASS">
          <reporter-output>
          </reporter-output>
        </test-method> <!-- f -->
      </class> <!-- NewTest -->
    </test> <!-- Default test -->
  </suite> <!-- Default suite -->
</testng-results>
