<?xml version="1.0" encoding="UTF-8"?>
<testng-results ignored="0" total="1" passed="1" failed="0" skipped="0">
  <reporter-output>
  </reporter-output>
  <suite started-at="2023-12-03T23:52:00 IST" name="Default suite" finished-at="2023-12-03T23:52:20 IST" duration-ms="20227">
    <groups>
    </groups>
    <test started-at="2023-12-03T23:52:00 IST" name="Default test" finished-at="2023-12-03T23:52:20 IST" duration-ms="20227">
      <class name="com.org.lib.NewTest">
        <test-method signature="first()[pri:0, instance:com.org.lib.NewTest@1eb5174b]" started-at="2023-12-03T23:52:00 IST" name="first" finished-at="2023-12-03T23:52:20 IST" duration-ms="20200" status="PASS">
          <reporter-output>
          </reporter-output>
        </test-method> <!-- first -->
      </class> <!-- com.org.lib.NewTest -->
    </test> <!-- Default test -->
  </suite> <!-- Default suite -->
</testng-results>
